<?xml version="1.0" encoding="UTF-8"?>
<testng-results ignored="0" total="1" passed="1" failed="0" skipped="0">
  <reporter-output>
  </reporter-output>
  <suite started-at="2024-11-28T14:38:15 IST" name="Suite" finished-at="2024-11-28T14:38:23 IST" duration-ms="7758">
    <groups>
    </groups>
    <test started-at="2024-11-28T14:38:15 IST" name="Test" finished-at="2024-11-28T14:38:23 IST" duration-ms="7758">
      <class name="com.testng.Assertiontest">
        <test-method signature="googlesearch()[pri:0, instance:com.testng.Assertiontest@d5b810e]" started-at="2024-11-28T14:38:15 IST" name="googlesearch" finished-at="2024-11-28T14:38:23 IST" duration-ms="7717" status="PASS">
          <reporter-output>
          </reporter-output>
        </test-method> <!-- googlesearch -->
      </class> <!-- com.testng.Assertiontest -->
    </test> <!-- Test -->
  </suite> <!-- Suite -->
</testng-results>
